2018-07-12 14:53:59.526  INFO 58132 --- [main] com.newer.hospital.CacheTest             : Starting CacheTest on fuliang with PID 58132 (started by fulia in D:\20171201J\springbootdemo\hospital)
2018-07-12 14:53:59.538  INFO 58132 --- [main] com.newer.hospital.CacheTest             : No active profile set, falling back to default profiles: default
2018-07-12 14:53:59.728  INFO 58132 --- [main] o.s.w.c.s.GenericWebApplicationContext   : Refreshing org.springframework.web.context.support.GenericWebApplicationContext@558bdf1f: startup date [Thu Jul 12 14:53:59 CST 2018]; root of context hierarchy
2018-07-12 14:54:01.944  INFO 58132 --- [main] .s.d.r.c.RepositoryConfigurationDelegate : Multiple Spring Data modules found, entering strict repository configuration mode!
2018-07-12 14:54:02.988  INFO 58132 --- [main] trationDelegate$BeanPostProcessorChecker : Bean 'org.springframework.transaction.annotation.ProxyTransactionManagementConfiguration' of type [org.springframework.transaction.annotation.ProxyTransactionManagementConfiguration$$EnhancerBySpringCGLIB$$1431c27c] is not eligible for getting processed by all BeanPostProcessors (for example: not eligible for auto-proxying)
2018-07-12 14:54:03.208  INFO 58132 --- [main] trationDelegate$BeanPostProcessorChecker : Bean 'org.springframework.cache.annotation.ProxyCachingConfiguration' of type [org.springframework.cache.annotation.ProxyCachingConfiguration$$EnhancerBySpringCGLIB$$5d43f89a] is not eligible for getting processed by all BeanPostProcessors (for example: not eligible for auto-proxying)
2018-07-12 14:54:03.253  INFO 58132 --- [main] trationDelegate$BeanPostProcessorChecker : Bean 'org.springframework.security.config.annotation.configuration.ObjectPostProcessorConfiguration' of type [org.springframework.security.config.annotation.configuration.ObjectPostProcessorConfiguration$$EnhancerBySpringCGLIB$$acdf8ab6] is not eligible for getting processed by all BeanPostProcessors (for example: not eligible for auto-proxying)
2018-07-12 14:54:03.272  INFO 58132 --- [main] trationDelegate$BeanPostProcessorChecker : Bean 'objectPostProcessor' of type [org.springframework.security.config.annotation.configuration.AutowireBeanFactoryObjectPostProcessor] is not eligible for getting processed by all BeanPostProcessors (for example: not eligible for auto-proxying)
2018-07-12 14:54:03.275  INFO 58132 --- [main] trationDelegate$BeanPostProcessorChecker : Bean 'org.springframework.security.access.expression.method.DefaultMethodSecurityExpressionHandler@6ef1a1b9' of type [org.springframework.security.access.expression.method.DefaultMethodSecurityExpressionHandler] is not eligible for getting processed by all BeanPostProcessors (for example: not eligible for auto-proxying)
2018-07-12 14:54:03.281  INFO 58132 --- [main] trationDelegate$BeanPostProcessorChecker : Bean 'org.springframework.security.config.annotation.method.configuration.GlobalMethodSecurityConfiguration' of type [org.springframework.security.config.annotation.method.configuration.GlobalMethodSecurityConfiguration$$EnhancerBySpringCGLIB$$d1b42d68] is not eligible for getting processed by all BeanPostProcessors (for example: not eligible for auto-proxying)
2018-07-12 14:54:03.296  INFO 58132 --- [main] trationDelegate$BeanPostProcessorChecker : Bean 'methodSecurityMetadataSource' of type [org.springframework.security.access.method.DelegatingMethodSecurityMetadataSource] is not eligible for getting processed by all BeanPostProcessors (for example: not eligible for auto-proxying)
2018-07-12 14:54:04.647  INFO 58132 --- [main] o.s.s.web.DefaultSecurityFilterChain     : Creating filter chain: Ant [pattern='/auth', POST], []
2018-07-12 14:54:04.647  INFO 58132 --- [main] o.s.s.web.DefaultSecurityFilterChain     : Creating filter chain: Ant [pattern='/', GET], []
2018-07-12 14:54:04.647  INFO 58132 --- [main] o.s.s.web.DefaultSecurityFilterChain     : Creating filter chain: Ant [pattern='/*.html', GET], []
2018-07-12 14:54:04.647  INFO 58132 --- [main] o.s.s.web.DefaultSecurityFilterChain     : Creating filter chain: Ant [pattern='/favicon.ico', GET], []
2018-07-12 14:54:04.648  INFO 58132 --- [main] o.s.s.web.DefaultSecurityFilterChain     : Creating filter chain: Ant [pattern='/**/*.html', GET], []
2018-07-12 14:54:04.648  INFO 58132 --- [main] o.s.s.web.DefaultSecurityFilterChain     : Creating filter chain: Ant [pattern='/**/*.css', GET], []
2018-07-12 14:54:04.648  INFO 58132 --- [main] o.s.s.web.DefaultSecurityFilterChain     : Creating filter chain: Ant [pattern='/**/*.js', GET], []
2018-07-12 14:54:05.082  INFO 58132 --- [main] o.s.s.web.DefaultSecurityFilterChain     : Creating filter chain: org.springframework.security.web.util.matcher.AnyRequestMatcher@1, [org.springframework.security.web.context.request.async.WebAsyncManagerIntegrationFilter@732f6050, org.springframework.security.web.context.SecurityContextPersistenceFilter@6fc1020a, org.springframework.security.web.header.HeaderWriterFilter@1b5a1d85, org.springframework.web.filter.CorsFilter@6fbc1bb, org.springframework.security.web.authentication.logout.LogoutFilter@51c8f62c, com.newer.hospital.security.JwtAuthenticationTokenFilter@30c4e352, org.springframework.security.web.savedrequest.RequestCacheAwareFilter@2629d5dc, org.springframework.security.web.servletapi.SecurityContextHolderAwareRequestFilter@6abdec0e, org.springframework.security.web.authentication.AnonymousAuthenticationFilter@f1dd5b4, org.springframework.security.web.session.SessionManagementFilter@2513a118, org.springframework.security.web.access.ExceptionTranslationFilter@2daf06fc, org.springframework.security.web.access.intercept.FilterSecurityInterceptor@79518e00]
2018-07-12 14:54:05.571  INFO 58132 --- [main] o.s.w.s.handler.SimpleUrlHandlerMapping  : Mapped URL path [/**/favicon.ico] onto handler of type [class org.springframework.web.servlet.resource.ResourceHttpRequestHandler]
2018-07-12 14:54:05.967  INFO 58132 --- [main] s.w.s.m.m.a.RequestMappingHandlerAdapter : Looking for @ControllerAdvice: org.springframework.web.context.support.GenericWebApplicationContext@558bdf1f: startup date [Thu Jul 12 14:53:59 CST 2018]; root of context hierarchy
2018-07-12 14:54:06.084  INFO 58132 --- [main] s.w.s.m.m.a.RequestMappingHandlerMapping : Mapped "{[/api/users],methods=[GET]}" onto public org.springframework.http.ResponseEntity<?> com.newer.hospital.controller.AdminsController.login(java.lang.String,java.lang.String,javax.servlet.http.HttpSession)
2018-07-12 14:54:06.085  INFO 58132 --- [main] s.w.s.m.m.a.RequestMappingHandlerMapping : Mapped "{[/api/logout]}" onto public org.springframework.http.ResponseEntity<?> com.newer.hospital.controller.AdminsController.logout(javax.servlet.http.HttpSession)
2018-07-12 14:54:06.086  INFO 58132 --- [main] s.w.s.m.m.a.RequestMappingHandlerMapping : Mapped "{[/api/admins/{state}],methods=[GET]}" onto public org.springframework.http.ResponseEntity<?> com.newer.hospital.controller.AdminsController.findByState(java.lang.Integer)
2018-07-12 14:54:06.086  INFO 58132 --- [main] s.w.s.m.m.a.RequestMappingHandlerMapping : Mapped "{[/api/admins],methods=[POST]}" onto public org.springframework.http.ResponseEntity<?> com.newer.hospital.controller.AdminsController.addAdmins(com.newer.hospital.domain.Admins)
2018-07-12 14:54:06.086  INFO 58132 --- [main] s.w.s.m.m.a.RequestMappingHandlerMapping : Mapped "{[/api/changepwd],methods=[PUT]}" onto public org.springframework.http.ResponseEntity<?> com.newer.hospital.controller.AdminsController.changePwd(java.lang.String,javax.servlet.http.HttpServletRequest)
2018-07-12 14:54:06.087  INFO 58132 --- [main] s.w.s.m.m.a.RequestMappingHandlerMapping : Mapped "{[/api/usersession],methods=[GET]}" onto public org.springframework.http.ResponseEntity<?> com.newer.hospital.controller.AdminsController.getUserSession(javax.servlet.http.HttpSession)
2018-07-12 14:54:06.088  INFO 58132 --- [main] s.w.s.m.m.a.RequestMappingHandlerMapping : Mapped "{[/api/testError]}" onto public org.springframework.http.ResponseEntity<?> com.newer.hospital.controller.GlobalController.testError() throws com.newer.hospital.exception.HospitalException
2018-07-12 14:54:06.088  INFO 58132 --- [main] s.w.s.m.m.a.RequestMappingHandlerMapping : Mapped "{[/api/booksdepart],methods=[GET]}" onto public org.springframework.http.ResponseEntity<?> com.newer.hospital.controller.RegistrationController.booksdepart()
2018-07-12 14:54:06.088  INFO 58132 --- [main] s.w.s.m.m.a.RequestMappingHandlerMapping : Mapped "{[/api/drawDept]}" onto public org.springframework.http.ResponseEntity<?> com.newer.hospital.controller.RegistrationController.drawDept()
2018-07-12 14:54:06.089  INFO 58132 --- [main] s.w.s.m.m.a.RequestMappingHandlerMapping : Mapped "{[/api/refresh],methods=[GET]}" onto public org.springframework.http.ResponseEntity<?> com.newer.hospital.security.controller.AuthenticationRestController.refreshAndGetAuthenticationToken(javax.servlet.http.HttpServletRequest)
2018-07-12 14:54:06.089  INFO 58132 --- [main] s.w.s.m.m.a.RequestMappingHandlerMapping : Mapped "{[/api/auth],methods=[POST]}" onto public org.springframework.http.ResponseEntity<?> com.newer.hospital.security.controller.AuthenticationRestController.createAuthenticationToken(com.newer.hospital.security.domain.JwtAuthenticationRequest) throws com.newer.hospital.security.domain.AuthenticationException
2018-07-12 14:54:06.090  INFO 58132 --- [main] s.w.s.m.m.a.RequestMappingHandlerMapping : Mapped "{[/api/protectedadmin],methods=[GET]}" onto public org.springframework.http.ResponseEntity<?> com.newer.hospital.security.controller.MethodProtectedRestController.getProtectedAdmin()
2018-07-12 14:54:06.091  INFO 58132 --- [main] s.w.s.m.m.a.RequestMappingHandlerMapping : Mapped "{[/api/protecteduser],methods=[GET]}" onto public org.springframework.http.ResponseEntity<?> com.newer.hospital.security.controller.MethodProtectedRestController.getProtectedUser()
2018-07-12 14:54:06.091  INFO 58132 --- [main] s.w.s.m.m.a.RequestMappingHandlerMapping : Mapped "{[/api/user],methods=[GET]}" onto public com.newer.hospital.security.domain.JwtUser com.newer.hospital.security.controller.UserRestController.getAuthenticatedUser(javax.servlet.http.HttpServletRequest)
2018-07-12 14:54:06.096  INFO 58132 --- [main] s.w.s.m.m.a.RequestMappingHandlerMapping : Mapped "{[/error]}" onto public org.springframework.http.ResponseEntity<java.util.Map<java.lang.String, java.lang.Object>> org.springframework.boot.autoconfigure.web.servlet.error.BasicErrorController.error(javax.servlet.http.HttpServletRequest)
2018-07-12 14:54:06.097  INFO 58132 --- [main] s.w.s.m.m.a.RequestMappingHandlerMapping : Mapped "{[/error],produces=[text/html]}" onto public org.springframework.web.servlet.ModelAndView org.springframework.boot.autoconfigure.web.servlet.error.BasicErrorController.errorHtml(javax.servlet.http.HttpServletRequest,javax.servlet.http.HttpServletResponse)
2018-07-12 14:54:06.166  INFO 58132 --- [main] o.s.w.s.handler.SimpleUrlHandlerMapping  : Mapped URL path [/webjars/**] onto handler of type [class org.springframework.web.servlet.resource.ResourceHttpRequestHandler]
2018-07-12 14:54:06.166  INFO 58132 --- [main] o.s.w.s.handler.SimpleUrlHandlerMapping  : Mapped URL path [/**] onto handler of type [class org.springframework.web.servlet.resource.ResourceHttpRequestHandler]
2018-07-12 14:54:06.202  INFO 58132 --- [main] .m.m.a.ExceptionHandlerExceptionResolver : Detected @ExceptionHandler methods in exceptionController
2018-07-12 14:54:07.547  INFO 58132 --- [main] com.newer.hospital.CacheTest             : Started CacheTest in 8.582 seconds (JVM running for 10.736)
2018-07-12 14:54:07.908  INFO 58132 --- [main] io.lettuce.core.EpollProvider            : Starting without optional epoll library
2018-07-12 14:54:07.910  INFO 58132 --- [main] io.lettuce.core.KqueueProvider           : Starting without optional kqueue library
2018-07-12 14:54:08.427 DEBUG 58132 --- [main] com.newer.hospital.util.RedisCache       : 获取缓存对象成功！
2018-07-12 14:54:08.428 DEBUG 58132 --- [main] com.newer.hospital.mapper.DepartsMapper  : Cache Hit Ratio [com.newer.hospital.mapper.DepartsMapper]: 0.0
2018-07-12 14:54:08.436  INFO 58132 --- [main] com.zaxxer.hikari.HikariDataSource       : HikariPool-1 - Starting...
2018-07-12 14:54:08.643  INFO 58132 --- [main] com.zaxxer.hikari.HikariDataSource       : HikariPool-1 - Start completed.
2018-07-12 14:54:08.649 DEBUG 58132 --- [main] c.n.hospital.mapper.DepartsMapper.find   : ==>  Preparing: select * from departs where deexist=1 
2018-07-12 14:54:08.677 DEBUG 58132 --- [main] c.n.hospital.mapper.DepartsMapper.find   : ==> Parameters: 
2018-07-12 14:54:08.701 DEBUG 58132 --- [main] c.n.hospital.mapper.DepartsMapper.find   : <==      Total: 8
2018-07-12 14:54:08.708 DEBUG 58132 --- [main] com.newer.hospital.util.RedisCache       : 缓存对象保存成功!
2018-07-12 14:54:08.717 DEBUG 58132 --- [main] com.newer.hospital.util.RedisCache       : 获取缓存对象成功！
2018-07-12 14:54:08.717 DEBUG 58132 --- [main] com.newer.hospital.mapper.DepartsMapper  : Cache Hit Ratio [com.newer.hospital.mapper.DepartsMapper]: 0.5
2018-07-12 14:54:08.719 DEBUG 58132 --- [main] com.newer.hospital.util.RedisCache       : 获取缓存对象成功！
2018-07-12 14:54:08.719 DEBUG 58132 --- [main] com.newer.hospital.mapper.DepartsMapper  : Cache Hit Ratio [com.newer.hospital.mapper.DepartsMapper]: 0.6666666666666666
2018-07-12 14:54:08.725  INFO 58132 --- [Thread-2] o.s.w.c.s.GenericWebApplicationContext   : Closing org.springframework.web.context.support.GenericWebApplicationContext@558bdf1f: startup date [Thu Jul 12 14:53:59 CST 2018]; root of context hierarchy
2018-07-12 14:54:09.848  INFO 58132 --- [Thread-2] com.zaxxer.hikari.HikariDataSource       : HikariPool-1 - Shutdown initiated...
2018-07-12 14:54:09.864  INFO 58132 --- [Thread-2] com.zaxxer.hikari.HikariDataSource       : HikariPool-1 - Shutdown completed.
2018-07-12 15:07:01.640  INFO 17444 --- [main] com.newer.hospital.CacheTest             : Starting CacheTest on fuliang with PID 17444 (started by fulia in D:\20171201J\springbootdemo\hospital)
2018-07-12 15:07:01.641  INFO 17444 --- [main] com.newer.hospital.CacheTest             : No active profile set, falling back to default profiles: default
2018-07-12 15:07:01.744  INFO 17444 --- [main] o.s.w.c.s.GenericWebApplicationContext   : Refreshing org.springframework.web.context.support.GenericWebApplicationContext@7582ff54: startup date [Thu Jul 12 15:07:01 CST 2018]; root of context hierarchy
2018-07-12 15:07:03.072  INFO 17444 --- [main] .s.d.r.c.RepositoryConfigurationDelegate : Multiple Spring Data modules found, entering strict repository configuration mode!
2018-07-12 15:07:03.666  INFO 17444 --- [main] trationDelegate$BeanPostProcessorChecker : Bean 'org.springframework.transaction.annotation.ProxyTransactionManagementConfiguration' of type [org.springframework.transaction.annotation.ProxyTransactionManagementConfiguration$$EnhancerBySpringCGLIB$$f85f45f6] is not eligible for getting processed by all BeanPostProcessors (for example: not eligible for auto-proxying)
2018-07-12 15:07:03.921  INFO 17444 --- [main] trationDelegate$BeanPostProcessorChecker : Bean 'org.springframework.cache.annotation.ProxyCachingConfiguration' of type [org.springframework.cache.annotation.ProxyCachingConfiguration$$EnhancerBySpringCGLIB$$41717c14] is not eligible for getting processed by all BeanPostProcessors (for example: not eligible for auto-proxying)
2018-07-12 15:07:03.977  INFO 17444 --- [main] trationDelegate$BeanPostProcessorChecker : Bean 'org.springframework.security.config.annotation.configuration.ObjectPostProcessorConfiguration' of type [org.springframework.security.config.annotation.configuration.ObjectPostProcessorConfiguration$$EnhancerBySpringCGLIB$$910d0e30] is not eligible for getting processed by all BeanPostProcessors (for example: not eligible for auto-proxying)
2018-07-12 15:07:03.987  INFO 17444 --- [main] trationDelegate$BeanPostProcessorChecker : Bean 'objectPostProcessor' of type [org.springframework.security.config.annotation.configuration.AutowireBeanFactoryObjectPostProcessor] is not eligible for getting processed by all BeanPostProcessors (for example: not eligible for auto-proxying)
2018-07-12 15:07:03.990  INFO 17444 --- [main] trationDelegate$BeanPostProcessorChecker : Bean 'org.springframework.security.access.expression.method.DefaultMethodSecurityExpressionHandler@4893b344' of type [org.springframework.security.access.expression.method.DefaultMethodSecurityExpressionHandler] is not eligible for getting processed by all BeanPostProcessors (for example: not eligible for auto-proxying)
2018-07-12 15:07:03.994  INFO 17444 --- [main] trationDelegate$BeanPostProcessorChecker : Bean 'org.springframework.security.config.annotation.method.configuration.GlobalMethodSecurityConfiguration' of type [org.springframework.security.config.annotation.method.configuration.GlobalMethodSecurityConfiguration$$EnhancerBySpringCGLIB$$b5e1b0e2] is not eligible for getting processed by all BeanPostProcessors (for example: not eligible for auto-proxying)
2018-07-12 15:07:04.009  INFO 17444 --- [main] trationDelegate$BeanPostProcessorChecker : Bean 'methodSecurityMetadataSource' of type [org.springframework.security.access.method.DelegatingMethodSecurityMetadataSource] is not eligible for getting processed by all BeanPostProcessors (for example: not eligible for auto-proxying)
2018-07-12 15:07:05.378  INFO 17444 --- [main] o.s.s.web.DefaultSecurityFilterChain     : Creating filter chain: Ant [pattern='/auth', POST], []
2018-07-12 15:07:05.379  INFO 17444 --- [main] o.s.s.web.DefaultSecurityFilterChain     : Creating filter chain: Ant [pattern='/', GET], []
2018-07-12 15:07:05.379  INFO 17444 --- [main] o.s.s.web.DefaultSecurityFilterChain     : Creating filter chain: Ant [pattern='/*.html', GET], []
2018-07-12 15:07:05.379  INFO 17444 --- [main] o.s.s.web.DefaultSecurityFilterChain     : Creating filter chain: Ant [pattern='/favicon.ico', GET], []
2018-07-12 15:07:05.379  INFO 17444 --- [main] o.s.s.web.DefaultSecurityFilterChain     : Creating filter chain: Ant [pattern='/**/*.html', GET], []
2018-07-12 15:07:05.380  INFO 17444 --- [main] o.s.s.web.DefaultSecurityFilterChain     : Creating filter chain: Ant [pattern='/**/*.css', GET], []
2018-07-12 15:07:05.380  INFO 17444 --- [main] o.s.s.web.DefaultSecurityFilterChain     : Creating filter chain: Ant [pattern='/**/*.js', GET], []
2018-07-12 15:07:05.688  INFO 17444 --- [main] o.s.s.web.DefaultSecurityFilterChain     : Creating filter chain: org.springframework.security.web.util.matcher.AnyRequestMatcher@1, [org.springframework.security.web.context.request.async.WebAsyncManagerIntegrationFilter@2b0b7e5a, org.springframework.security.web.context.SecurityContextPersistenceFilter@28ee7bee, org.springframework.security.web.header.HeaderWriterFilter@16a35bd, org.springframework.web.filter.CorsFilter@7be1ce6a, org.springframework.security.web.authentication.logout.LogoutFilter@2b5c4f17, com.newer.hospital.security.JwtAuthenticationTokenFilter@3119cf6f, org.springframework.security.web.savedrequest.RequestCacheAwareFilter@31e130bf, org.springframework.security.web.servletapi.SecurityContextHolderAwareRequestFilter@2513a118, org.springframework.security.web.authentication.AnonymousAuthenticationFilter@6dc9da2d, org.springframework.security.web.session.SessionManagementFilter@28237492, org.springframework.security.web.access.ExceptionTranslationFilter@58015e56, org.springframework.security.web.access.intercept.FilterSecurityInterceptor@5740ff5e]
2018-07-12 15:07:06.109  INFO 17444 --- [main] o.s.w.s.handler.SimpleUrlHandlerMapping  : Mapped URL path [/**/favicon.ico] onto handler of type [class org.springframework.web.servlet.resource.ResourceHttpRequestHandler]
2018-07-12 15:07:06.447  INFO 17444 --- [main] s.w.s.m.m.a.RequestMappingHandlerAdapter : Looking for @ControllerAdvice: org.springframework.web.context.support.GenericWebApplicationContext@7582ff54: startup date [Thu Jul 12 15:07:01 CST 2018]; root of context hierarchy
2018-07-12 15:07:06.539  INFO 17444 --- [main] s.w.s.m.m.a.RequestMappingHandlerMapping : Mapped "{[/api/admins/{state}],methods=[GET]}" onto public org.springframework.http.ResponseEntity<?> com.newer.hospital.controller.AdminsController.findByState(java.lang.Integer)
2018-07-12 15:07:06.541  INFO 17444 --- [main] s.w.s.m.m.a.RequestMappingHandlerMapping : Mapped "{[/api/logout]}" onto public org.springframework.http.ResponseEntity<?> com.newer.hospital.controller.AdminsController.logout(javax.servlet.http.HttpSession)
2018-07-12 15:07:06.541  INFO 17444 --- [main] s.w.s.m.m.a.RequestMappingHandlerMapping : Mapped "{[/api/users],methods=[GET]}" onto public org.springframework.http.ResponseEntity<?> com.newer.hospital.controller.AdminsController.login(java.lang.String,java.lang.String,javax.servlet.http.HttpSession)
2018-07-12 15:07:06.541  INFO 17444 --- [main] s.w.s.m.m.a.RequestMappingHandlerMapping : Mapped "{[/api/usersession],methods=[GET]}" onto public org.springframework.http.ResponseEntity<?> com.newer.hospital.controller.AdminsController.getUserSession(javax.servlet.http.HttpSession)
2018-07-12 15:07:06.542  INFO 17444 --- [main] s.w.s.m.m.a.RequestMappingHandlerMapping : Mapped "{[/api/admins],methods=[POST]}" onto public org.springframework.http.ResponseEntity<?> com.newer.hospital.controller.AdminsController.addAdmins(com.newer.hospital.domain.Admins)
2018-07-12 15:07:06.542  INFO 17444 --- [main] s.w.s.m.m.a.RequestMappingHandlerMapping : Mapped "{[/api/changepwd],methods=[PUT]}" onto public org.springframework.http.ResponseEntity<?> com.newer.hospital.controller.AdminsController.changePwd(java.lang.String,javax.servlet.http.HttpServletRequest)
2018-07-12 15:07:06.543  INFO 17444 --- [main] s.w.s.m.m.a.RequestMappingHandlerMapping : Mapped "{[/api/testError]}" onto public org.springframework.http.ResponseEntity<?> com.newer.hospital.controller.GlobalController.testError() throws com.newer.hospital.exception.HospitalException
2018-07-12 15:07:06.543  INFO 17444 --- [main] s.w.s.m.m.a.RequestMappingHandlerMapping : Mapped "{[/api/booksdepart],methods=[GET]}" onto public org.springframework.http.ResponseEntity<?> com.newer.hospital.controller.RegistrationController.booksdepart()
2018-07-12 15:07:06.544  INFO 17444 --- [main] s.w.s.m.m.a.RequestMappingHandlerMapping : Mapped "{[/api/drawDept]}" onto public org.springframework.http.ResponseEntity<?> com.newer.hospital.controller.RegistrationController.drawDept()
2018-07-12 15:07:06.545  INFO 17444 --- [main] s.w.s.m.m.a.RequestMappingHandlerMapping : Mapped "{[/api/refresh],methods=[GET]}" onto public org.springframework.http.ResponseEntity<?> com.newer.hospital.security.controller.AuthenticationRestController.refreshAndGetAuthenticationToken(javax.servlet.http.HttpServletRequest)
2018-07-12 15:07:06.545  INFO 17444 --- [main] s.w.s.m.m.a.RequestMappingHandlerMapping : Mapped "{[/api/auth],methods=[POST]}" onto public org.springframework.http.ResponseEntity<?> com.newer.hospital.security.controller.AuthenticationRestController.createAuthenticationToken(com.newer.hospital.security.domain.JwtAuthenticationRequest) throws com.newer.hospital.security.domain.AuthenticationException
2018-07-12 15:07:06.546  INFO 17444 --- [main] s.w.s.m.m.a.RequestMappingHandlerMapping : Mapped "{[/api/protectedadmin],methods=[GET]}" onto public org.springframework.http.ResponseEntity<?> com.newer.hospital.security.controller.MethodProtectedRestController.getProtectedAdmin()
2018-07-12 15:07:06.547  INFO 17444 --- [main] s.w.s.m.m.a.RequestMappingHandlerMapping : Mapped "{[/api/protecteduser],methods=[GET]}" onto public org.springframework.http.ResponseEntity<?> com.newer.hospital.security.controller.MethodProtectedRestController.getProtectedUser()
2018-07-12 15:07:06.547  INFO 17444 --- [main] s.w.s.m.m.a.RequestMappingHandlerMapping : Mapped "{[/api/user],methods=[GET]}" onto public com.newer.hospital.security.domain.JwtUser com.newer.hospital.security.controller.UserRestController.getAuthenticatedUser(javax.servlet.http.HttpServletRequest)
2018-07-12 15:07:06.553  INFO 17444 --- [main] s.w.s.m.m.a.RequestMappingHandlerMapping : Mapped "{[/error]}" onto public org.springframework.http.ResponseEntity<java.util.Map<java.lang.String, java.lang.Object>> org.springframework.boot.autoconfigure.web.servlet.error.BasicErrorController.error(javax.servlet.http.HttpServletRequest)
2018-07-12 15:07:06.555  INFO 17444 --- [main] s.w.s.m.m.a.RequestMappingHandlerMapping : Mapped "{[/error],produces=[text/html]}" onto public org.springframework.web.servlet.ModelAndView org.springframework.boot.autoconfigure.web.servlet.error.BasicErrorController.errorHtml(javax.servlet.http.HttpServletRequest,javax.servlet.http.HttpServletResponse)
2018-07-12 15:07:06.627  INFO 17444 --- [main] o.s.w.s.handler.SimpleUrlHandlerMapping  : Mapped URL path [/webjars/**] onto handler of type [class org.springframework.web.servlet.resource.ResourceHttpRequestHandler]
2018-07-12 15:07:06.627  INFO 17444 --- [main] o.s.w.s.handler.SimpleUrlHandlerMapping  : Mapped URL path [/**] onto handler of type [class org.springframework.web.servlet.resource.ResourceHttpRequestHandler]
2018-07-12 15:07:06.642  INFO 17444 --- [main] .m.m.a.ExceptionHandlerExceptionResolver : Detected @ExceptionHandler methods in exceptionController
2018-07-12 15:07:07.886  INFO 17444 --- [main] com.newer.hospital.CacheTest             : Started CacheTest in 7.133 seconds (JVM running for 8.848)
2018-07-12 15:07:08.059  INFO 17444 --- [main] com.zaxxer.hikari.HikariDataSource       : HikariPool-1 - Starting...
2018-07-12 15:07:08.377  INFO 17444 --- [main] com.zaxxer.hikari.HikariDataSource       : HikariPool-1 - Start completed.
2018-07-12 15:07:08.389 DEBUG 17444 --- [main] c.n.h.mapper.AdminsMapper.findByState    : ==>  Preparing: select aid,aname,aexist,by1 from admins where state=? 
2018-07-12 15:07:08.414 DEBUG 17444 --- [main] c.n.h.mapper.AdminsMapper.findByState    : ==> Parameters: 1(Integer)
2018-07-12 15:07:08.434 DEBUG 17444 --- [main] c.n.h.mapper.AdminsMapper.findByState    : <==      Total: 3
2018-07-12 15:07:08.437 DEBUG 17444 --- [main] c.n.h.mapper.AdminsMapper.findByState    : ==>  Preparing: select aid,aname,aexist,by1 from admins where state=? 
2018-07-12 15:07:08.437 DEBUG 17444 --- [main] c.n.h.mapper.AdminsMapper.findByState    : ==> Parameters: 1(Integer)
2018-07-12 15:07:08.439 DEBUG 17444 --- [main] c.n.h.mapper.AdminsMapper.findByState    : <==      Total: 3
2018-07-12 15:07:08.446  INFO 17444 --- [Thread-2] o.s.w.c.s.GenericWebApplicationContext   : Closing org.springframework.web.context.support.GenericWebApplicationContext@7582ff54: startup date [Thu Jul 12 15:07:01 CST 2018]; root of context hierarchy
2018-07-12 15:07:08.480  INFO 17444 --- [Thread-2] com.zaxxer.hikari.HikariDataSource       : HikariPool-1 - Shutdown initiated...
2018-07-12 15:07:08.488  INFO 17444 --- [Thread-2] com.zaxxer.hikari.HikariDataSource       : HikariPool-1 - Shutdown completed.
2018-07-12 15:09:20.641  INFO 16916 --- [main] com.newer.hospital.CacheTest             : Starting CacheTest on fuliang with PID 16916 (started by fulia in D:\20171201J\springbootdemo\hospital)
2018-07-12 15:09:20.647  INFO 16916 --- [main] com.newer.hospital.CacheTest             : No active profile set, falling back to default profiles: default
2018-07-12 15:09:20.811  INFO 16916 --- [main] o.s.w.c.s.GenericWebApplicationContext   : Refreshing org.springframework.web.context.support.GenericWebApplicationContext@7582ff54: startup date [Thu Jul 12 15:09:20 CST 2018]; root of context hierarchy
2018-07-12 15:09:21.812  INFO 16916 --- [main] .s.d.r.c.RepositoryConfigurationDelegate : Multiple Spring Data modules found, entering strict repository configuration mode!
2018-07-12 15:09:22.413  INFO 16916 --- [main] trationDelegate$BeanPostProcessorChecker : Bean 'org.springframework.transaction.annotation.ProxyTransactionManagementConfiguration' of type [org.springframework.transaction.annotation.ProxyTransactionManagementConfiguration$$EnhancerBySpringCGLIB$$72f05705] is not eligible for getting processed by all BeanPostProcessors (for example: not eligible for auto-proxying)
2018-07-12 15:09:22.606  INFO 16916 --- [main] trationDelegate$BeanPostProcessorChecker : Bean 'org.springframework.cache.annotation.ProxyCachingConfiguration' of type [org.springframework.cache.annotation.ProxyCachingConfiguration$$EnhancerBySpringCGLIB$$bc028d23] is not eligible for getting processed by all BeanPostProcessors (for example: not eligible for auto-proxying)
2018-07-12 15:09:22.647  INFO 16916 --- [main] trationDelegate$BeanPostProcessorChecker : Bean 'org.springframework.security.config.annotation.configuration.ObjectPostProcessorConfiguration' of type [org.springframework.security.config.annotation.configuration.ObjectPostProcessorConfiguration$$EnhancerBySpringCGLIB$$b9e1f3f] is not eligible for getting processed by all BeanPostProcessors (for example: not eligible for auto-proxying)
2018-07-12 15:09:22.663  INFO 16916 --- [main] trationDelegate$BeanPostProcessorChecker : Bean 'objectPostProcessor' of type [org.springframework.security.config.annotation.configuration.AutowireBeanFactoryObjectPostProcessor] is not eligible for getting processed by all BeanPostProcessors (for example: not eligible for auto-proxying)
2018-07-12 15:09:22.671  INFO 16916 --- [main] trationDelegate$BeanPostProcessorChecker : Bean 'org.springframework.security.access.expression.method.DefaultMethodSecurityExpressionHandler@61f39bb' of type [org.springframework.security.access.expression.method.DefaultMethodSecurityExpressionHandler] is not eligible for getting processed by all BeanPostProcessors (for example: not eligible for auto-proxying)
2018-07-12 15:09:22.682  INFO 16916 --- [main] trationDelegate$BeanPostProcessorChecker : Bean 'org.springframework.security.config.annotation.method.configuration.GlobalMethodSecurityConfiguration' of type [org.springframework.security.config.annotation.method.configuration.GlobalMethodSecurityConfiguration$$EnhancerBySpringCGLIB$$3072c1f1] is not eligible for getting processed by all BeanPostProcessors (for example: not eligible for auto-proxying)
2018-07-12 15:09:22.698  INFO 16916 --- [main] trationDelegate$BeanPostProcessorChecker : Bean 'methodSecurityMetadataSource' of type [org.springframework.security.access.method.DelegatingMethodSecurityMetadataSource] is not eligible for getting processed by all BeanPostProcessors (for example: not eligible for auto-proxying)
2018-07-12 15:09:24.047  INFO 16916 --- [main] o.s.s.web.DefaultSecurityFilterChain     : Creating filter chain: Ant [pattern='/auth', POST], []
2018-07-12 15:09:24.048  INFO 16916 --- [main] o.s.s.web.DefaultSecurityFilterChain     : Creating filter chain: Ant [pattern='/', GET], []
2018-07-12 15:09:24.048  INFO 16916 --- [main] o.s.s.web.DefaultSecurityFilterChain     : Creating filter chain: Ant [pattern='/*.html', GET], []
2018-07-12 15:09:24.048  INFO 16916 --- [main] o.s.s.web.DefaultSecurityFilterChain     : Creating filter chain: Ant [pattern='/favicon.ico', GET], []
2018-07-12 15:09:24.048  INFO 16916 --- [main] o.s.s.web.DefaultSecurityFilterChain     : Creating filter chain: Ant [pattern='/**/*.html', GET], []
2018-07-12 15:09:24.048  INFO 16916 --- [main] o.s.s.web.DefaultSecurityFilterChain     : Creating filter chain: Ant [pattern='/**/*.css', GET], []
2018-07-12 15:09:24.048  INFO 16916 --- [main] o.s.s.web.DefaultSecurityFilterChain     : Creating filter chain: Ant [pattern='/**/*.js', GET], []
2018-07-12 15:09:24.445  INFO 16916 --- [main] o.s.s.web.DefaultSecurityFilterChain     : Creating filter chain: org.springframework.security.web.util.matcher.AnyRequestMatcher@1, [org.springframework.security.web.context.request.async.WebAsyncManagerIntegrationFilter@1fc713c9, org.springframework.security.web.context.SecurityContextPersistenceFilter@4ee25d80, org.springframework.security.web.header.HeaderWriterFilter@4d3c6593, org.springframework.web.filter.CorsFilter@7301eebe, org.springframework.security.web.authentication.logout.LogoutFilter@73ae0257, com.newer.hospital.security.JwtAuthenticationTokenFilter@76b47204, org.springframework.security.web.savedrequest.RequestCacheAwareFilter@ba17be6, org.springframework.security.web.servletapi.SecurityContextHolderAwareRequestFilter@28237492, org.springframework.security.web.authentication.AnonymousAuthenticationFilter@4d6ccc97, org.springframework.security.web.session.SessionManagementFilter@47b11ec7, org.springframework.security.web.access.ExceptionTranslationFilter@590adb41, org.springframework.security.web.access.intercept.FilterSecurityInterceptor@8cc8cdb]
2018-07-12 15:09:24.846  INFO 16916 --- [main] o.s.w.s.handler.SimpleUrlHandlerMapping  : Mapped URL path [/**/favicon.ico] onto handler of type [class org.springframework.web.servlet.resource.ResourceHttpRequestHandler]
2018-07-12 15:09:25.197  INFO 16916 --- [main] s.w.s.m.m.a.RequestMappingHandlerAdapter : Looking for @ControllerAdvice: org.springframework.web.context.support.GenericWebApplicationContext@7582ff54: startup date [Thu Jul 12 15:09:20 CST 2018]; root of context hierarchy
2018-07-12 15:09:25.324  INFO 16916 --- [main] s.w.s.m.m.a.RequestMappingHandlerMapping : Mapped "{[/api/logout]}" onto public org.springframework.http.ResponseEntity<?> com.newer.hospital.controller.AdminsController.logout(javax.servlet.http.HttpSession)
2018-07-12 15:09:25.325  INFO 16916 --- [main] s.w.s.m.m.a.RequestMappingHandlerMapping : Mapped "{[/api/users],methods=[GET]}" onto public org.springframework.http.ResponseEntity<?> com.newer.hospital.controller.AdminsController.login(java.lang.String,java.lang.String,javax.servlet.http.HttpSession)
2018-07-12 15:09:25.326  INFO 16916 --- [main] s.w.s.m.m.a.RequestMappingHandlerMapping : Mapped "{[/api/admins/{state}],methods=[GET]}" onto public org.springframework.http.ResponseEntity<?> com.newer.hospital.controller.AdminsController.findByState(java.lang.Integer)
2018-07-12 15:09:25.326  INFO 16916 --- [main] s.w.s.m.m.a.RequestMappingHandlerMapping : Mapped "{[/api/usersession],methods=[GET]}" onto public org.springframework.http.ResponseEntity<?> com.newer.hospital.controller.AdminsController.getUserSession(javax.servlet.http.HttpSession)
2018-07-12 15:09:25.327  INFO 16916 --- [main] s.w.s.m.m.a.RequestMappingHandlerMapping : Mapped "{[/api/changepwd],methods=[PUT]}" onto public org.springframework.http.ResponseEntity<?> com.newer.hospital.controller.AdminsController.changePwd(java.lang.String,javax.servlet.http.HttpServletRequest)
2018-07-12 15:09:25.327  INFO 16916 --- [main] s.w.s.m.m.a.RequestMappingHandlerMapping : Mapped "{[/api/admins],methods=[POST]}" onto public org.springframework.http.ResponseEntity<?> com.newer.hospital.controller.AdminsController.addAdmins(com.newer.hospital.domain.Admins)
2018-07-12 15:09:25.328  INFO 16916 --- [main] s.w.s.m.m.a.RequestMappingHandlerMapping : Mapped "{[/api/testError]}" onto public org.springframework.http.ResponseEntity<?> com.newer.hospital.controller.GlobalController.testError() throws com.newer.hospital.exception.HospitalException
2018-07-12 15:09:25.329  INFO 16916 --- [main] s.w.s.m.m.a.RequestMappingHandlerMapping : Mapped "{[/api/drawDept]}" onto public org.springframework.http.ResponseEntity<?> com.newer.hospital.controller.RegistrationController.drawDept()
2018-07-12 15:09:25.330  INFO 16916 --- [main] s.w.s.m.m.a.RequestMappingHandlerMapping : Mapped "{[/api/booksdepart],methods=[GET]}" onto public org.springframework.http.ResponseEntity<?> com.newer.hospital.controller.RegistrationController.booksdepart()
2018-07-12 15:09:25.332  INFO 16916 --- [main] s.w.s.m.m.a.RequestMappingHandlerMapping : Mapped "{[/api/refresh],methods=[GET]}" onto public org.springframework.http.ResponseEntity<?> com.newer.hospital.security.controller.AuthenticationRestController.refreshAndGetAuthenticationToken(javax.servlet.http.HttpServletRequest)
2018-07-12 15:09:25.332  INFO 16916 --- [main] s.w.s.m.m.a.RequestMappingHandlerMapping : Mapped "{[/api/auth],methods=[POST]}" onto public org.springframework.http.ResponseEntity<?> com.newer.hospital.security.controller.AuthenticationRestController.createAuthenticationToken(com.newer.hospital.security.domain.JwtAuthenticationRequest) throws com.newer.hospital.security.domain.AuthenticationException
2018-07-12 15:09:25.333  INFO 16916 --- [main] s.w.s.m.m.a.RequestMappingHandlerMapping : Mapped "{[/api/protecteduser],methods=[GET]}" onto public org.springframework.http.ResponseEntity<?> com.newer.hospital.security.controller.MethodProtectedRestController.getProtectedUser()
2018-07-12 15:09:25.334  INFO 16916 --- [main] s.w.s.m.m.a.RequestMappingHandlerMapping : Mapped "{[/api/protectedadmin],methods=[GET]}" onto public org.springframework.http.ResponseEntity<?> com.newer.hospital.security.controller.MethodProtectedRestController.getProtectedAdmin()
2018-07-12 15:09:25.335  INFO 16916 --- [main] s.w.s.m.m.a.RequestMappingHandlerMapping : Mapped "{[/api/user],methods=[GET]}" onto public com.newer.hospital.security.domain.JwtUser com.newer.hospital.security.controller.UserRestController.getAuthenticatedUser(javax.servlet.http.HttpServletRequest)
2018-07-12 15:09:25.340  INFO 16916 --- [main] s.w.s.m.m.a.RequestMappingHandlerMapping : Mapped "{[/error]}" onto public org.springframework.http.ResponseEntity<java.util.Map<java.lang.String, java.lang.Object>> org.springframework.boot.autoconfigure.web.servlet.error.BasicErrorController.error(javax.servlet.http.HttpServletRequest)
2018-07-12 15:09:25.341  INFO 16916 --- [main] s.w.s.m.m.a.RequestMappingHandlerMapping : Mapped "{[/error],produces=[text/html]}" onto public org.springframework.web.servlet.ModelAndView org.springframework.boot.autoconfigure.web.servlet.error.BasicErrorController.errorHtml(javax.servlet.http.HttpServletRequest,javax.servlet.http.HttpServletResponse)
2018-07-12 15:09:25.418  INFO 16916 --- [main] o.s.w.s.handler.SimpleUrlHandlerMapping  : Mapped URL path [/webjars/**] onto handler of type [class org.springframework.web.servlet.resource.ResourceHttpRequestHandler]
2018-07-12 15:09:25.418  INFO 16916 --- [main] o.s.w.s.handler.SimpleUrlHandlerMapping  : Mapped URL path [/**] onto handler of type [class org.springframework.web.servlet.resource.ResourceHttpRequestHandler]
2018-07-12 15:09:25.443  INFO 16916 --- [main] .m.m.a.ExceptionHandlerExceptionResolver : Detected @ExceptionHandler methods in exceptionController
2018-07-12 15:09:26.713  INFO 16916 --- [main] com.newer.hospital.CacheTest             : Started CacheTest in 6.796 seconds (JVM running for 8.795)
2018-07-12 15:09:27.051  INFO 16916 --- [main] io.lettuce.core.EpollProvider            : Starting without optional epoll library
2018-07-12 15:09:27.054  INFO 16916 --- [main] io.lettuce.core.KqueueProvider           : Starting without optional kqueue library
2018-07-12 15:09:27.605 DEBUG 16916 --- [main] com.newer.hospital.util.RedisCache       : 获取缓存对象成功！
2018-07-12 15:09:27.606 DEBUG 16916 --- [main] com.newer.hospital.mapper.AdminsMapper   : Cache Hit Ratio [com.newer.hospital.mapper.AdminsMapper]: 0.0
2018-07-12 15:09:27.616  INFO 16916 --- [main] com.zaxxer.hikari.HikariDataSource       : HikariPool-1 - Starting...
2018-07-12 15:09:27.905  INFO 16916 --- [main] com.zaxxer.hikari.HikariDataSource       : HikariPool-1 - Start completed.
2018-07-12 15:09:27.912 DEBUG 16916 --- [main] c.n.h.mapper.AdminsMapper.findByName     : ==>  Preparing: select ad.aid,ad.aname,ad.pwd,ad.state,ad.aexist,ad.email, ad.lastPasswordResetDate,ad.login_time,au.id,au.name from admins ad,AUTHORITY au,USER_AUTHORITY ua where ad.aexist=1 and ad.aname=? and ad.aid = ua.USER_ID and ua.AUTHORITY_ID = au.id 
2018-07-12 15:09:27.937 DEBUG 16916 --- [main] c.n.h.mapper.AdminsMapper.findByName     : ==> Parameters: admin(String)
2018-07-12 15:09:27.973 DEBUG 16916 --- [main] c.n.h.mapper.AdminsMapper.findByName     : <==      Total: 2
2018-07-12 15:09:27.988 ERROR 16916 --- [main] com.newer.hospital.util.RedisCache       : 缓存对象保存失败!org.springframework.data.redis.serializer.SerializationException: Cannot serialize; nested exception is org.springframework.core.serializer.support.SerializationFailedException: Failed to serialize object using DefaultSerializer; nested exception is java.io.NotSerializableException: com.newer.hospital.domain.Authority
2018-07-12 15:09:27.991 DEBUG 16916 --- [main] com.newer.hospital.util.RedisCache       : 获取缓存对象成功！
2018-07-12 15:09:27.991 DEBUG 16916 --- [main] com.newer.hospital.mapper.AdminsMapper   : Cache Hit Ratio [com.newer.hospital.mapper.AdminsMapper]: 0.0
2018-07-12 15:09:27.992 DEBUG 16916 --- [main] c.n.h.mapper.AdminsMapper.findByName     : ==>  Preparing: select ad.aid,ad.aname,ad.pwd,ad.state,ad.aexist,ad.email, ad.lastPasswordResetDate,ad.login_time,au.id,au.name from admins ad,AUTHORITY au,USER_AUTHORITY ua where ad.aexist=1 and ad.aname=? and ad.aid = ua.USER_ID and ua.AUTHORITY_ID = au.id 
2018-07-12 15:09:27.992 DEBUG 16916 --- [main] c.n.h.mapper.AdminsMapper.findByName     : ==> Parameters: admin(String)
2018-07-12 15:09:27.994 DEBUG 16916 --- [main] c.n.h.mapper.AdminsMapper.findByName     : <==      Total: 2
2018-07-12 15:09:27.996 ERROR 16916 --- [main] com.newer.hospital.util.RedisCache       : 缓存对象保存失败!org.springframework.data.redis.serializer.SerializationException: Cannot serialize; nested exception is org.springframework.core.serializer.support.SerializationFailedException: Failed to serialize object using DefaultSerializer; nested exception is java.io.NotSerializableException: com.newer.hospital.domain.Authority
2018-07-12 15:09:28.003  INFO 16916 --- [Thread-2] o.s.w.c.s.GenericWebApplicationContext   : Closing org.springframework.web.context.support.GenericWebApplicationContext@7582ff54: startup date [Thu Jul 12 15:09:20 CST 2018]; root of context hierarchy
2018-07-12 15:09:29.129  INFO 16916 --- [Thread-2] com.zaxxer.hikari.HikariDataSource       : HikariPool-1 - Shutdown initiated...
2018-07-12 15:09:29.137  INFO 16916 --- [Thread-2] com.zaxxer.hikari.HikariDataSource       : HikariPool-1 - Shutdown completed.
2018-07-12 15:11:00.823  INFO 17824 --- [main] com.newer.hospital.CacheTest             : Starting CacheTest on fuliang with PID 17824 (started by fulia in D:\20171201J\springbootdemo\hospital)
2018-07-12 15:11:00.829  INFO 17824 --- [main] com.newer.hospital.CacheTest             : No active profile set, falling back to default profiles: default
2018-07-12 15:11:00.914  INFO 17824 --- [main] o.s.w.c.s.GenericWebApplicationContext   : Refreshing org.springframework.web.context.support.GenericWebApplicationContext@67545b57: startup date [Thu Jul 12 15:11:00 CST 2018]; root of context hierarchy
2018-07-12 15:11:02.239  INFO 17824 --- [main] .s.d.r.c.RepositoryConfigurationDelegate : Multiple Spring Data modules found, entering strict repository configuration mode!
2018-07-12 15:11:02.811  INFO 17824 --- [main] trationDelegate$BeanPostProcessorChecker : Bean 'org.springframework.transaction.annotation.ProxyTransactionManagementConfiguration' of type [org.springframework.transaction.annotation.ProxyTransactionManagementConfiguration$$EnhancerBySpringCGLIB$$e4d32620] is not eligible for getting processed by all BeanPostProcessors (for example: not eligible for auto-proxying)
2018-07-12 15:11:03.022  INFO 17824 --- [main] trationDelegate$BeanPostProcessorChecker : Bean 'org.springframework.cache.annotation.ProxyCachingConfiguration' of type [org.springframework.cache.annotation.ProxyCachingConfiguration$$EnhancerBySpringCGLIB$$2de55c3e] is not eligible for getting processed by all BeanPostProcessors (for example: not eligible for auto-proxying)
2018-07-12 15:11:03.080  INFO 17824 --- [main] trationDelegate$BeanPostProcessorChecker : Bean 'org.springframework.security.config.annotation.configuration.ObjectPostProcessorConfiguration' of type [org.springframework.security.config.annotation.configuration.ObjectPostProcessorConfiguration$$EnhancerBySpringCGLIB$$7d80ee5a] is not eligible for getting processed by all BeanPostProcessors (for example: not eligible for auto-proxying)
2018-07-12 15:11:03.090  INFO 17824 --- [main] trationDelegate$BeanPostProcessorChecker : Bean 'objectPostProcessor' of type [org.springframework.security.config.annotation.configuration.AutowireBeanFactoryObjectPostProcessor] is not eligible for getting processed by all BeanPostProcessors (for example: not eligible for auto-proxying)
2018-07-12 15:11:03.094  INFO 17824 --- [main] trationDelegate$BeanPostProcessorChecker : Bean 'org.springframework.security.access.expression.method.DefaultMethodSecurityExpressionHandler@78525ef9' of type [org.springframework.security.access.expression.method.DefaultMethodSecurityExpressionHandler] is not eligible for getting processed by all BeanPostProcessors (for example: not eligible for auto-proxying)
2018-07-12 15:11:03.101  INFO 17824 --- [main] trationDelegate$BeanPostProcessorChecker : Bean 'org.springframework.security.config.annotation.method.configuration.GlobalMethodSecurityConfiguration' of type [org.springframework.security.config.annotation.method.configuration.GlobalMethodSecurityConfiguration$$EnhancerBySpringCGLIB$$a255910c] is not eligible for getting processed by all BeanPostProcessors (for example: not eligible for auto-proxying)
2018-07-12 15:11:03.119  INFO 17824 --- [main] trationDelegate$BeanPostProcessorChecker : Bean 'methodSecurityMetadataSource' of type [org.springframework.security.access.method.DelegatingMethodSecurityMetadataSource] is not eligible for getting processed by all BeanPostProcessors (for example: not eligible for auto-proxying)
2018-07-12 15:11:04.297  INFO 17824 --- [main] o.s.s.web.DefaultSecurityFilterChain     : Creating filter chain: Ant [pattern='/auth', POST], []
2018-07-12 15:11:04.297  INFO 17824 --- [main] o.s.s.web.DefaultSecurityFilterChain     : Creating filter chain: Ant [pattern='/', GET], []
2018-07-12 15:11:04.297  INFO 17824 --- [main] o.s.s.web.DefaultSecurityFilterChain     : Creating filter chain: Ant [pattern='/*.html', GET], []
2018-07-12 15:11:04.298  INFO 17824 --- [main] o.s.s.web.DefaultSecurityFilterChain     : Creating filter chain: Ant [pattern='/favicon.ico', GET], []
2018-07-12 15:11:04.298  INFO 17824 --- [main] o.s.s.web.DefaultSecurityFilterChain     : Creating filter chain: Ant [pattern='/**/*.html', GET], []
2018-07-12 15:11:04.298  INFO 17824 --- [main] o.s.s.web.DefaultSecurityFilterChain     : Creating filter chain: Ant [pattern='/**/*.css', GET], []
2018-07-12 15:11:04.298  INFO 17824 --- [main] o.s.s.web.DefaultSecurityFilterChain     : Creating filter chain: Ant [pattern='/**/*.js', GET], []
2018-07-12 15:11:04.673  INFO 17824 --- [main] o.s.s.web.DefaultSecurityFilterChain     : Creating filter chain: org.springframework.security.web.util.matcher.AnyRequestMatcher@1, [org.springframework.security.web.context.request.async.WebAsyncManagerIntegrationFilter@3481ff98, org.springframework.security.web.context.SecurityContextPersistenceFilter@2db4ad1, org.springframework.security.web.header.HeaderWriterFilter@2daf06fc, org.springframework.web.filter.CorsFilter@2ddb3ae8, org.springframework.security.web.authentication.logout.LogoutFilter@177c41d7, com.newer.hospital.security.JwtAuthenticationTokenFilter@79518e00, org.springframework.security.web.savedrequest.RequestCacheAwareFilter@2513a118, org.springframework.security.web.servletapi.SecurityContextHolderAwareRequestFilter@42a0501e, org.springframework.security.web.authentication.AnonymousAuthenticationFilter@3c91530d, org.springframework.security.web.session.SessionManagementFilter@f1f7db2, org.springframework.security.web.access.ExceptionTranslationFilter@6f798482, org.springframework.security.web.access.intercept.FilterSecurityInterceptor@1d408060]
2018-07-12 15:11:05.107  INFO 17824 --- [main] o.s.w.s.handler.SimpleUrlHandlerMapping  : Mapped URL path [/**/favicon.ico] onto handler of type [class org.springframework.web.servlet.resource.ResourceHttpRequestHandler]
2018-07-12 15:11:05.444  INFO 17824 --- [main] s.w.s.m.m.a.RequestMappingHandlerAdapter : Looking for @ControllerAdvice: org.springframework.web.context.support.GenericWebApplicationContext@67545b57: startup date [Thu Jul 12 15:11:00 CST 2018]; root of context hierarchy
2018-07-12 15:11:05.608  INFO 17824 --- [main] s.w.s.m.m.a.RequestMappingHandlerMapping : Mapped "{[/api/admins/{state}],methods=[GET]}" onto public org.springframework.http.ResponseEntity<?> com.newer.hospital.controller.AdminsController.findByState(java.lang.Integer)
2018-07-12 15:11:05.610  INFO 17824 --- [main] s.w.s.m.m.a.RequestMappingHandlerMapping : Mapped "{[/api/users],methods=[GET]}" onto public org.springframework.http.ResponseEntity<?> com.newer.hospital.controller.AdminsController.login(java.lang.String,java.lang.String,javax.servlet.http.HttpSession)
2018-07-12 15:11:05.610  INFO 17824 --- [main] s.w.s.m.m.a.RequestMappingHandlerMapping : Mapped "{[/api/logout]}" onto public org.springframework.http.ResponseEntity<?> com.newer.hospital.controller.AdminsController.logout(javax.servlet.http.HttpSession)
2018-07-12 15:11:05.611  INFO 17824 --- [main] s.w.s.m.m.a.RequestMappingHandlerMapping : Mapped "{[/api/changepwd],methods=[PUT]}" onto public org.springframework.http.ResponseEntity<?> com.newer.hospital.controller.AdminsController.changePwd(java.lang.String,javax.servlet.http.HttpServletRequest)
2018-07-12 15:11:05.611  INFO 17824 --- [main] s.w.s.m.m.a.RequestMappingHandlerMapping : Mapped "{[/api/admins],methods=[POST]}" onto public org.springframework.http.ResponseEntity<?> com.newer.hospital.controller.AdminsController.addAdmins(com.newer.hospital.domain.Admins)
2018-07-12 15:11:05.611  INFO 17824 --- [main] s.w.s.m.m.a.RequestMappingHandlerMapping : Mapped "{[/api/usersession],methods=[GET]}" onto public org.springframework.http.ResponseEntity<?> com.newer.hospital.controller.AdminsController.getUserSession(javax.servlet.http.HttpSession)
2018-07-12 15:11:05.612  INFO 17824 --- [main] s.w.s.m.m.a.RequestMappingHandlerMapping : Mapped "{[/api/testError]}" onto public org.springframework.http.ResponseEntity<?> com.newer.hospital.controller.GlobalController.testError() throws com.newer.hospital.exception.HospitalException
2018-07-12 15:11:05.613  INFO 17824 --- [main] s.w.s.m.m.a.RequestMappingHandlerMapping : Mapped "{[/api/drawDept]}" onto public org.springframework.http.ResponseEntity<?> com.newer.hospital.controller.RegistrationController.drawDept()
2018-07-12 15:11:05.613  INFO 17824 --- [main] s.w.s.m.m.a.RequestMappingHandlerMapping : Mapped "{[/api/booksdepart],methods=[GET]}" onto public org.springframework.http.ResponseEntity<?> com.newer.hospital.controller.RegistrationController.booksdepart()
2018-07-12 15:11:05.614  INFO 17824 --- [main] s.w.s.m.m.a.RequestMappingHandlerMapping : Mapped "{[/api/auth],methods=[POST]}" onto public org.springframework.http.ResponseEntity<?> com.newer.hospital.security.controller.AuthenticationRestController.createAuthenticationToken(com.newer.hospital.security.domain.JwtAuthenticationRequest) throws com.newer.hospital.security.domain.AuthenticationException
2018-07-12 15:11:05.615  INFO 17824 --- [main] s.w.s.m.m.a.RequestMappingHandlerMapping : Mapped "{[/api/refresh],methods=[GET]}" onto public org.springframework.http.ResponseEntity<?> com.newer.hospital.security.controller.AuthenticationRestController.refreshAndGetAuthenticationToken(javax.servlet.http.HttpServletRequest)
2018-07-12 15:11:05.616  INFO 17824 --- [main] s.w.s.m.m.a.RequestMappingHandlerMapping : Mapped "{[/api/protecteduser],methods=[GET]}" onto public org.springframework.http.ResponseEntity<?> com.newer.hospital.security.controller.MethodProtectedRestController.getProtectedUser()
2018-07-12 15:11:05.616  INFO 17824 --- [main] s.w.s.m.m.a.RequestMappingHandlerMapping : Mapped "{[/api/protectedadmin],methods=[GET]}" onto public org.springframework.http.ResponseEntity<?> com.newer.hospital.security.controller.MethodProtectedRestController.getProtectedAdmin()
2018-07-12 15:11:05.617  INFO 17824 --- [main] s.w.s.m.m.a.RequestMappingHandlerMapping : Mapped "{[/api/user],methods=[GET]}" onto public com.newer.hospital.security.domain.JwtUser com.newer.hospital.security.controller.UserRestController.getAuthenticatedUser(javax.servlet.http.HttpServletRequest)
2018-07-12 15:11:05.621  INFO 17824 --- [main] s.w.s.m.m.a.RequestMappingHandlerMapping : Mapped "{[/error]}" onto public org.springframework.http.ResponseEntity<java.util.Map<java.lang.String, java.lang.Object>> org.springframework.boot.autoconfigure.web.servlet.error.BasicErrorController.error(javax.servlet.http.HttpServletRequest)
2018-07-12 15:11:05.622  INFO 17824 --- [main] s.w.s.m.m.a.RequestMappingHandlerMapping : Mapped "{[/error],produces=[text/html]}" onto public org.springframework.web.servlet.ModelAndView org.springframework.boot.autoconfigure.web.servlet.error.BasicErrorController.errorHtml(javax.servlet.http.HttpServletRequest,javax.servlet.http.HttpServletResponse)
2018-07-12 15:11:05.745  INFO 17824 --- [main] o.s.w.s.handler.SimpleUrlHandlerMapping  : Mapped URL path [/webjars/**] onto handler of type [class org.springframework.web.servlet.resource.ResourceHttpRequestHandler]
2018-07-12 15:11:05.745  INFO 17824 --- [main] o.s.w.s.handler.SimpleUrlHandlerMapping  : Mapped URL path [/**] onto handler of type [class org.springframework.web.servlet.resource.ResourceHttpRequestHandler]
2018-07-12 15:11:05.816  INFO 17824 --- [main] .m.m.a.ExceptionHandlerExceptionResolver : Detected @ExceptionHandler methods in exceptionController
2018-07-12 15:11:07.026  INFO 17824 --- [main] com.newer.hospital.CacheTest             : Started CacheTest in 7.006 seconds (JVM running for 8.744)
2018-07-12 15:11:07.292  INFO 17824 --- [main] io.lettuce.core.EpollProvider            : Starting without optional epoll library
2018-07-12 15:11:07.293  INFO 17824 --- [main] io.lettuce.core.KqueueProvider           : Starting without optional kqueue library
2018-07-12 15:11:07.835 DEBUG 17824 --- [main] com.newer.hospital.util.RedisCache       : 获取缓存对象成功！
2018-07-12 15:11:07.836 DEBUG 17824 --- [main] com.newer.hospital.mapper.AdminsMapper   : Cache Hit Ratio [com.newer.hospital.mapper.AdminsMapper]: 0.0
2018-07-12 15:11:07.846  INFO 17824 --- [main] com.zaxxer.hikari.HikariDataSource       : HikariPool-1 - Starting...
2018-07-12 15:11:08.085  INFO 17824 --- [main] com.zaxxer.hikari.HikariDataSource       : HikariPool-1 - Start completed.
2018-07-12 15:11:08.093 DEBUG 17824 --- [main] c.n.h.mapper.AdminsMapper.findByName     : ==>  Preparing: select ad.aid,ad.aname,ad.pwd,ad.state,ad.aexist,ad.email, ad.lastPasswordResetDate,ad.login_time,au.id,au.name from admins ad,AUTHORITY au,USER_AUTHORITY ua where ad.aexist=1 and ad.aname=? and ad.aid = ua.USER_ID and ua.AUTHORITY_ID = au.id 
2018-07-12 15:11:08.111 DEBUG 17824 --- [main] c.n.h.mapper.AdminsMapper.findByName     : ==> Parameters: admin(String)
2018-07-12 15:11:08.126 DEBUG 17824 --- [main] c.n.h.mapper.AdminsMapper.findByName     : <==      Total: 2
2018-07-12 15:11:08.135 DEBUG 17824 --- [main] com.newer.hospital.util.RedisCache       : 缓存对象保存成功!
2018-07-12 15:11:08.142 DEBUG 17824 --- [main] com.newer.hospital.util.RedisCache       : 获取缓存对象成功！
2018-07-12 15:11:08.143 DEBUG 17824 --- [main] com.newer.hospital.mapper.AdminsMapper   : Cache Hit Ratio [com.newer.hospital.mapper.AdminsMapper]: 0.5
2018-07-12 15:11:08.149  INFO 17824 --- [Thread-2] o.s.w.c.s.GenericWebApplicationContext   : Closing org.springframework.web.context.support.GenericWebApplicationContext@67545b57: startup date [Thu Jul 12 15:11:00 CST 2018]; root of context hierarchy
2018-07-12 15:11:09.286  INFO 17824 --- [Thread-2] com.zaxxer.hikari.HikariDataSource       : HikariPool-1 - Shutdown initiated...
2018-07-12 15:11:09.292  INFO 17824 --- [Thread-2] com.zaxxer.hikari.HikariDataSource       : HikariPool-1 - Shutdown completed.
2018-07-12 15:20:05.340  INFO 13624 --- [main] com.newer.hospital.CacheTest             : Starting CacheTest on fuliang with PID 13624 (started by fulia in D:\20171201J\springbootdemo\hospital)
2018-07-12 15:20:05.342  INFO 13624 --- [main] com.newer.hospital.CacheTest             : No active profile set, falling back to default profiles: default
2018-07-12 15:20:05.449  INFO 13624 --- [main] o.s.w.c.s.GenericWebApplicationContext   : Refreshing org.springframework.web.context.support.GenericWebApplicationContext@7582ff54: startup date [Thu Jul 12 15:20:05 CST 2018]; root of context hierarchy
2018-07-12 15:20:06.594  INFO 13624 --- [main] .s.d.r.c.RepositoryConfigurationDelegate : Multiple Spring Data modules found, entering strict repository configuration mode!
2018-07-12 15:20:07.198  INFO 13624 --- [main] trationDelegate$BeanPostProcessorChecker : Bean 'org.springframework.transaction.annotation.ProxyTransactionManagementConfiguration' of type [org.springframework.transaction.annotation.ProxyTransactionManagementConfiguration$$EnhancerBySpringCGLIB$$3047c33c] is not eligible for getting processed by all BeanPostProcessors (for example: not eligible for auto-proxying)
2018-07-12 15:20:07.433  INFO 13624 --- [main] trationDelegate$BeanPostProcessorChecker : Bean 'org.springframework.cache.annotation.ProxyCachingConfiguration' of type [org.springframework.cache.annotation.ProxyCachingConfiguration$$EnhancerBySpringCGLIB$$7959f95a] is not eligible for getting processed by all BeanPostProcessors (for example: not eligible for auto-proxying)
2018-07-12 15:20:07.485  INFO 13624 --- [main] trationDelegate$BeanPostProcessorChecker : Bean 'org.springframework.security.config.annotation.configuration.ObjectPostProcessorConfiguration' of type [org.springframework.security.config.annotation.configuration.ObjectPostProcessorConfiguration$$EnhancerBySpringCGLIB$$c8f58b76] is not eligible for getting processed by all BeanPostProcessors (for example: not eligible for auto-proxying)
2018-07-12 15:20:07.494  INFO 13624 --- [main] trationDelegate$BeanPostProcessorChecker : Bean 'objectPostProcessor' of type [org.springframework.security.config.annotation.configuration.AutowireBeanFactoryObjectPostProcessor] is not eligible for getting processed by all BeanPostProcessors (for example: not eligible for auto-proxying)
2018-07-12 15:20:07.499  INFO 13624 --- [main] trationDelegate$BeanPostProcessorChecker : Bean 'org.springframework.security.access.expression.method.DefaultMethodSecurityExpressionHandler@350a94ce' of type [org.springframework.security.access.expression.method.DefaultMethodSecurityExpressionHandler] is not eligible for getting processed by all BeanPostProcessors (for example: not eligible for auto-proxying)
2018-07-12 15:20:07.506  INFO 13624 --- [main] trationDelegate$BeanPostProcessorChecker : Bean 'org.springframework.security.config.annotation.method.configuration.GlobalMethodSecurityConfiguration' of type [org.springframework.security.config.annotation.method.configuration.GlobalMethodSecurityConfiguration$$EnhancerBySpringCGLIB$$edca2e28] is not eligible for getting processed by all BeanPostProcessors (for example: not eligible for auto-proxying)
2018-07-12 15:20:07.521  INFO 13624 --- [main] trationDelegate$BeanPostProcessorChecker : Bean 'methodSecurityMetadataSource' of type [org.springframework.security.access.method.DelegatingMethodSecurityMetadataSource] is not eligible for getting processed by all BeanPostProcessors (for example: not eligible for auto-proxying)
2018-07-12 15:20:08.833  INFO 13624 --- [main] o.s.s.web.DefaultSecurityFilterChain     : Creating filter chain: Ant [pattern='/auth', POST], []
2018-07-12 15:20:08.833  INFO 13624 --- [main] o.s.s.web.DefaultSecurityFilterChain     : Creating filter chain: Ant [pattern='/', GET], []
2018-07-12 15:20:08.834  INFO 13624 --- [main] o.s.s.web.DefaultSecurityFilterChain     : Creating filter chain: Ant [pattern='/*.html', GET], []
2018-07-12 15:20:08.834  INFO 13624 --- [main] o.s.s.web.DefaultSecurityFilterChain     : Creating filter chain: Ant [pattern='/favicon.ico', GET], []
2018-07-12 15:20:08.834  INFO 13624 --- [main] o.s.s.web.DefaultSecurityFilterChain     : Creating filter chain: Ant [pattern='/**/*.html', GET], []
2018-07-12 15:20:08.834  INFO 13624 --- [main] o.s.s.web.DefaultSecurityFilterChain     : Creating filter chain: Ant [pattern='/**/*.css', GET], []
2018-07-12 15:20:08.834  INFO 13624 --- [main] o.s.s.web.DefaultSecurityFilterChain     : Creating filter chain: Ant [pattern='/**/*.js', GET], []
2018-07-12 15:20:09.181  INFO 13624 --- [main] o.s.s.web.DefaultSecurityFilterChain     : Creating filter chain: org.springframework.security.web.util.matcher.AnyRequestMatcher@1, [org.springframework.security.web.context.request.async.WebAsyncManagerIntegrationFilter@6848a051, org.springframework.security.web.context.SecurityContextPersistenceFilter@403c3a01, org.springframework.security.web.header.HeaderWriterFilter@3679d92e, org.springframework.web.filter.CorsFilter@149b0577, org.springframework.security.web.authentication.logout.LogoutFilter@6e4599c0, com.newer.hospital.security.JwtAuthenticationTokenFilter@5740ff5e, org.springframework.security.web.savedrequest.RequestCacheAwareFilter@28237492, org.springframework.security.web.servletapi.SecurityContextHolderAwareRequestFilter@f1f7db2, org.springframework.security.web.authentication.AnonymousAuthenticationFilter@4a901445, org.springframework.security.web.session.SessionManagementFilter@332bcab0, org.springframework.security.web.access.ExceptionTranslationFilter@516462cc, org.springframework.security.web.access.intercept.FilterSecurityInterceptor@6a12c7a8]
2018-07-12 15:20:09.735  INFO 13624 --- [main] o.s.w.s.handler.SimpleUrlHandlerMapping  : Mapped URL path [/**/favicon.ico] onto handler of type [class org.springframework.web.servlet.resource.ResourceHttpRequestHandler]
2018-07-12 15:20:10.102  INFO 13624 --- [main] s.w.s.m.m.a.RequestMappingHandlerAdapter : Looking for @ControllerAdvice: org.springframework.web.context.support.GenericWebApplicationContext@7582ff54: startup date [Thu Jul 12 15:20:05 CST 2018]; root of context hierarchy
2018-07-12 15:20:10.219  INFO 13624 --- [main] s.w.s.m.m.a.RequestMappingHandlerMapping : Mapped "{[/api/admins/{state}],methods=[GET]}" onto public org.springframework.http.ResponseEntity<?> com.newer.hospital.controller.AdminsController.findByState(java.lang.Integer)
2018-07-12 15:20:10.221  INFO 13624 --- [main] s.w.s.m.m.a.RequestMappingHandlerMapping : Mapped "{[/api/logout]}" onto public org.springframework.http.ResponseEntity<?> com.newer.hospital.controller.AdminsController.logout(javax.servlet.http.HttpSession)
2018-07-12 15:20:10.222  INFO 13624 --- [main] s.w.s.m.m.a.RequestMappingHandlerMapping : Mapped "{[/api/users],methods=[GET]}" onto public org.springframework.http.ResponseEntity<?> com.newer.hospital.controller.AdminsController.login(java.lang.String,java.lang.String,javax.servlet.http.HttpSession)
2018-07-12 15:20:10.223  INFO 13624 --- [main] s.w.s.m.m.a.RequestMappingHandlerMapping : Mapped "{[/api/admins],methods=[POST]}" onto public org.springframework.http.ResponseEntity<?> com.newer.hospital.controller.AdminsController.addAdmins(com.newer.hospital.domain.Admins)
2018-07-12 15:20:10.223  INFO 13624 --- [main] s.w.s.m.m.a.RequestMappingHandlerMapping : Mapped "{[/api/usersession],methods=[GET]}" onto public org.springframework.http.ResponseEntity<?> com.newer.hospital.controller.AdminsController.getUserSession(javax.servlet.http.HttpSession)
2018-07-12 15:20:10.223  INFO 13624 --- [main] s.w.s.m.m.a.RequestMappingHandlerMapping : Mapped "{[/api/changepwd],methods=[PUT]}" onto public org.springframework.http.ResponseEntity<?> com.newer.hospital.controller.AdminsController.changePwd(java.lang.String,javax.servlet.http.HttpServletRequest)
2018-07-12 15:20:10.224  INFO 13624 --- [main] s.w.s.m.m.a.RequestMappingHandlerMapping : Mapped "{[/api/testError]}" onto public org.springframework.http.ResponseEntity<?> com.newer.hospital.controller.GlobalController.testError() throws com.newer.hospital.exception.HospitalException
2018-07-12 15:20:10.225  INFO 13624 --- [main] s.w.s.m.m.a.RequestMappingHandlerMapping : Mapped "{[/api/drawDept]}" onto public org.springframework.http.ResponseEntity<?> com.newer.hospital.controller.RegistrationController.drawDept()
2018-07-12 15:20:10.226  INFO 13624 --- [main] s.w.s.m.m.a.RequestMappingHandlerMapping : Mapped "{[/api/booksdepart],methods=[GET]}" onto public org.springframework.http.ResponseEntity<?> com.newer.hospital.controller.RegistrationController.booksdepart()
2018-07-12 15:20:10.227  INFO 13624 --- [main] s.w.s.m.m.a.RequestMappingHandlerMapping : Mapped "{[/api/refresh],methods=[GET]}" onto public org.springframework.http.ResponseEntity<?> com.newer.hospital.security.controller.AuthenticationRestController.refreshAndGetAuthenticationToken(javax.servlet.http.HttpServletRequest)
2018-07-12 15:20:10.228  INFO 13624 --- [main] s.w.s.m.m.a.RequestMappingHandlerMapping : Mapped "{[/api/auth],methods=[POST]}" onto public org.springframework.http.ResponseEntity<?> com.newer.hospital.security.controller.AuthenticationRestController.createAuthenticationToken(com.newer.hospital.security.domain.JwtAuthenticationRequest) throws com.newer.hospital.security.domain.AuthenticationException
2018-07-12 15:20:10.229  INFO 13624 --- [main] s.w.s.m.m.a.RequestMappingHandlerMapping : Mapped "{[/api/protectedadmin],methods=[GET]}" onto public org.springframework.http.ResponseEntity<?> com.newer.hospital.security.controller.MethodProtectedRestController.getProtectedAdmin()
2018-07-12 15:20:10.229  INFO 13624 --- [main] s.w.s.m.m.a.RequestMappingHandlerMapping : Mapped "{[/api/protecteduser],methods=[GET]}" onto public org.springframework.http.ResponseEntity<?> com.newer.hospital.security.controller.MethodProtectedRestController.getProtectedUser()
2018-07-12 15:20:10.230  INFO 13624 --- [main] s.w.s.m.m.a.RequestMappingHandlerMapping : Mapped "{[/api/user],methods=[GET]}" onto public com.newer.hospital.security.domain.JwtUser com.newer.hospital.security.controller.UserRestController.getAuthenticatedUser(javax.servlet.http.HttpServletRequest)
2018-07-12 15:20:10.235  INFO 13624 --- [main] s.w.s.m.m.a.RequestMappingHandlerMapping : Mapped "{[/error]}" onto public org.springframework.http.ResponseEntity<java.util.Map<java.lang.String, java.lang.Object>> org.springframework.boot.autoconfigure.web.servlet.error.BasicErrorController.error(javax.servlet.http.HttpServletRequest)
2018-07-12 15:20:10.236  INFO 13624 --- [main] s.w.s.m.m.a.RequestMappingHandlerMapping : Mapped "{[/error],produces=[text/html]}" onto public org.springframework.web.servlet.ModelAndView org.springframework.boot.autoconfigure.web.servlet.error.BasicErrorController.errorHtml(javax.servlet.http.HttpServletRequest,javax.servlet.http.HttpServletResponse)
2018-07-12 15:20:10.307  INFO 13624 --- [main] o.s.w.s.handler.SimpleUrlHandlerMapping  : Mapped URL path [/webjars/**] onto handler of type [class org.springframework.web.servlet.resource.ResourceHttpRequestHandler]
2018-07-12 15:20:10.307  INFO 13624 --- [main] o.s.w.s.handler.SimpleUrlHandlerMapping  : Mapped URL path [/**] onto handler of type [class org.springframework.web.servlet.resource.ResourceHttpRequestHandler]
2018-07-12 15:20:10.344  INFO 13624 --- [main] .m.m.a.ExceptionHandlerExceptionResolver : Detected @ExceptionHandler methods in exceptionController
2018-07-12 15:20:11.623  INFO 13624 --- [main] com.newer.hospital.CacheTest             : Started CacheTest in 7.074 seconds (JVM running for 9.175)
2018-07-12 15:20:11.834  INFO 13624 --- [main] com.zaxxer.hikari.HikariDataSource       : HikariPool-1 - Starting...
2018-07-12 15:20:12.167  INFO 13624 --- [main] com.zaxxer.hikari.HikariDataSource       : HikariPool-1 - Start completed.
2018-07-12 15:20:12.182 DEBUG 13624 --- [main] c.n.h.mapper.AdminsMapper.findByName     : ==>  Preparing: select ad.aid,ad.aname,ad.pwd,ad.state,ad.aexist,ad.email, ad.lastPasswordResetDate,ad.login_time,au.id,au.name from admins ad,AUTHORITY au,USER_AUTHORITY ua where ad.aexist=1 and ad.aname=? and ad.aid = ua.USER_ID and ua.AUTHORITY_ID = au.id 
2018-07-12 15:20:12.211 DEBUG 13624 --- [main] c.n.h.mapper.AdminsMapper.findByName     : ==> Parameters: admin(String)
2018-07-12 15:20:12.240 DEBUG 13624 --- [main] c.n.h.mapper.AdminsMapper.findByName     : <==      Total: 2
2018-07-12 15:20:12.243 DEBUG 13624 --- [main] c.n.h.mapper.AdminsMapper.findByName     : ==>  Preparing: select ad.aid,ad.aname,ad.pwd,ad.state,ad.aexist,ad.email, ad.lastPasswordResetDate,ad.login_time,au.id,au.name from admins ad,AUTHORITY au,USER_AUTHORITY ua where ad.aexist=1 and ad.aname=? and ad.aid = ua.USER_ID and ua.AUTHORITY_ID = au.id 
2018-07-12 15:20:12.243 DEBUG 13624 --- [main] c.n.h.mapper.AdminsMapper.findByName     : ==> Parameters: admin(String)
2018-07-12 15:20:12.246 DEBUG 13624 --- [main] c.n.h.mapper.AdminsMapper.findByName     : <==      Total: 2
2018-07-12 15:20:12.271  INFO 13624 --- [Thread-2] o.s.w.c.s.GenericWebApplicationContext   : Closing org.springframework.web.context.support.GenericWebApplicationContext@7582ff54: startup date [Thu Jul 12 15:20:05 CST 2018]; root of context hierarchy
2018-07-12 15:20:12.311  INFO 13624 --- [Thread-2] com.zaxxer.hikari.HikariDataSource       : HikariPool-1 - Shutdown initiated...
2018-07-12 15:20:12.328  INFO 13624 --- [Thread-2] com.zaxxer.hikari.HikariDataSource       : HikariPool-1 - Shutdown completed.
2018-07-12 15:20:44.385  INFO 13920 --- [main] com.newer.hospital.CacheTest             : Starting CacheTest on fuliang with PID 13920 (started by fulia in D:\20171201J\springbootdemo\hospital)
2018-07-12 15:20:44.388  INFO 13920 --- [main] com.newer.hospital.CacheTest             : No active profile set, falling back to default profiles: default
2018-07-12 15:20:44.537  INFO 13920 --- [main] o.s.w.c.s.GenericWebApplicationContext   : Refreshing org.springframework.web.context.support.GenericWebApplicationContext@7582ff54: startup date [Thu Jul 12 15:20:44 CST 2018]; root of context hierarchy
2018-07-12 15:20:45.560  INFO 13920 --- [main] .s.d.r.c.RepositoryConfigurationDelegate : Multiple Spring Data modules found, entering strict repository configuration mode!
2018-07-12 15:20:46.198  INFO 13920 --- [main] trationDelegate$BeanPostProcessorChecker : Bean 'org.springframework.transaction.annotation.ProxyTransactionManagementConfiguration' of type [org.springframework.transaction.annotation.ProxyTransactionManagementConfiguration$$EnhancerBySpringCGLIB$$ee099308] is not eligible for getting processed by all BeanPostProcessors (for example: not eligible for auto-proxying)
2018-07-12 15:20:46.474  INFO 13920 --- [main] trationDelegate$BeanPostProcessorChecker : Bean 'org.springframework.cache.annotation.ProxyCachingConfiguration' of type [org.springframework.cache.annotation.ProxyCachingConfiguration$$EnhancerBySpringCGLIB$$371bc926] is not eligible for getting processed by all BeanPostProcessors (for example: not eligible for auto-proxying)
2018-07-12 15:20:46.514  INFO 13920 --- [main] trationDelegate$BeanPostProcessorChecker : Bean 'org.springframework.security.config.annotation.configuration.ObjectPostProcessorConfiguration' of type [org.springframework.security.config.annotation.configuration.ObjectPostProcessorConfiguration$$EnhancerBySpringCGLIB$$86b75b42] is not eligible for getting processed by all BeanPostProcessors (for example: not eligible for auto-proxying)
2018-07-12 15:20:46.523  INFO 13920 --- [main] trationDelegate$BeanPostProcessorChecker : Bean 'objectPostProcessor' of type [org.springframework.security.config.annotation.configuration.AutowireBeanFactoryObjectPostProcessor] is not eligible for getting processed by all BeanPostProcessors (for example: not eligible for auto-proxying)
2018-07-12 15:20:46.527  INFO 13920 --- [main] trationDelegate$BeanPostProcessorChecker : Bean 'org.springframework.security.access.expression.method.DefaultMethodSecurityExpressionHandler@62db0521' of type [org.springframework.security.access.expression.method.DefaultMethodSecurityExpressionHandler] is not eligible for getting processed by all BeanPostProcessors (for example: not eligible for auto-proxying)
2018-07-12 15:20:46.536  INFO 13920 --- [main] trationDelegate$BeanPostProcessorChecker : Bean 'org.springframework.security.config.annotation.method.configuration.GlobalMethodSecurityConfiguration' of type [org.springframework.security.config.annotation.method.configuration.GlobalMethodSecurityConfiguration$$EnhancerBySpringCGLIB$$ab8bfdf4] is not eligible for getting processed by all BeanPostProcessors (for example: not eligible for auto-proxying)
2018-07-12 15:20:46.571  INFO 13920 --- [main] trationDelegate$BeanPostProcessorChecker : Bean 'methodSecurityMetadataSource' of type [org.springframework.security.access.method.DelegatingMethodSecurityMetadataSource] is not eligible for getting processed by all BeanPostProcessors (for example: not eligible for auto-proxying)
2018-07-12 15:20:47.873  INFO 13920 --- [main] o.s.s.web.DefaultSecurityFilterChain     : Creating filter chain: Ant [pattern='/auth', POST], []
2018-07-12 15:20:47.874  INFO 13920 --- [main] o.s.s.web.DefaultSecurityFilterChain     : Creating filter chain: Ant [pattern='/', GET], []
2018-07-12 15:20:47.874  INFO 13920 --- [main] o.s.s.web.DefaultSecurityFilterChain     : Creating filter chain: Ant [pattern='/*.html', GET], []
2018-07-12 15:20:47.874  INFO 13920 --- [main] o.s.s.web.DefaultSecurityFilterChain     : Creating filter chain: Ant [pattern='/favicon.ico', GET], []
2018-07-12 15:20:47.874  INFO 13920 --- [main] o.s.s.web.DefaultSecurityFilterChain     : Creating filter chain: Ant [pattern='/**/*.html', GET], []
2018-07-12 15:20:47.874  INFO 13920 --- [main] o.s.s.web.DefaultSecurityFilterChain     : Creating filter chain: Ant [pattern='/**/*.css', GET], []
2018-07-12 15:20:47.874  INFO 13920 --- [main] o.s.s.web.DefaultSecurityFilterChain     : Creating filter chain: Ant [pattern='/**/*.js', GET], []
2018-07-12 15:20:48.216  INFO 13920 --- [main] o.s.s.web.DefaultSecurityFilterChain     : Creating filter chain: org.springframework.security.web.util.matcher.AnyRequestMatcher@1, [org.springframework.security.web.context.request.async.WebAsyncManagerIntegrationFilter@149b0577, org.springframework.security.web.context.SecurityContextPersistenceFilter@2daf06fc, org.springframework.security.web.header.HeaderWriterFilter@47b11ec7, org.springframework.web.filter.CorsFilter@5740ff5e, org.springframework.security.web.authentication.logout.LogoutFilter@7dffda8b, com.newer.hospital.security.JwtAuthenticationTokenFilter@4a901445, org.springframework.security.web.savedrequest.RequestCacheAwareFilter@5ceecfee, org.springframework.security.web.servletapi.SecurityContextHolderAwareRequestFilter@4462efe1, org.springframework.security.web.authentication.AnonymousAuthenticationFilter@67f77f6e, org.springframework.security.web.session.SessionManagementFilter@633cc6b5, org.springframework.security.web.access.ExceptionTranslationFilter@3456558, org.springframework.security.web.access.intercept.FilterSecurityInterceptor@161aa04a]
2018-07-12 15:20:48.696  INFO 13920 --- [main] o.s.w.s.handler.SimpleUrlHandlerMapping  : Mapped URL path [/**/favicon.ico] onto handler of type [class org.springframework.web.servlet.resource.ResourceHttpRequestHandler]
2018-07-12 15:20:49.119  INFO 13920 --- [main] s.w.s.m.m.a.RequestMappingHandlerAdapter : Looking for @ControllerAdvice: org.springframework.web.context.support.GenericWebApplicationContext@7582ff54: startup date [Thu Jul 12 15:20:44 CST 2018]; root of context hierarchy
2018-07-12 15:20:49.245  INFO 13920 --- [main] s.w.s.m.m.a.RequestMappingHandlerMapping : Mapped "{[/api/admins/{state}],methods=[GET]}" onto public org.springframework.http.ResponseEntity<?> com.newer.hospital.controller.AdminsController.findByState(java.lang.Integer)
2018-07-12 15:20:49.247  INFO 13920 --- [main] s.w.s.m.m.a.RequestMappingHandlerMapping : Mapped "{[/api/logout]}" onto public org.springframework.http.ResponseEntity<?> com.newer.hospital.controller.AdminsController.logout(javax.servlet.http.HttpSession)
2018-07-12 15:20:49.247  INFO 13920 --- [main] s.w.s.m.m.a.RequestMappingHandlerMapping : Mapped "{[/api/users],methods=[GET]}" onto public org.springframework.http.ResponseEntity<?> com.newer.hospital.controller.AdminsController.login(java.lang.String,java.lang.String,javax.servlet.http.HttpSession)
2018-07-12 15:20:49.248  INFO 13920 --- [main] s.w.s.m.m.a.RequestMappingHandlerMapping : Mapped "{[/api/usersession],methods=[GET]}" onto public org.springframework.http.ResponseEntity<?> com.newer.hospital.controller.AdminsController.getUserSession(javax.servlet.http.HttpSession)
2018-07-12 15:20:49.248  INFO 13920 --- [main] s.w.s.m.m.a.RequestMappingHandlerMapping : Mapped "{[/api/changepwd],methods=[PUT]}" onto public org.springframework.http.ResponseEntity<?> com.newer.hospital.controller.AdminsController.changePwd(java.lang.String,javax.servlet.http.HttpServletRequest)
2018-07-12 15:20:49.248  INFO 13920 --- [main] s.w.s.m.m.a.RequestMappingHandlerMapping : Mapped "{[/api/admins],methods=[POST]}" onto public org.springframework.http.ResponseEntity<?> com.newer.hospital.controller.AdminsController.addAdmins(com.newer.hospital.domain.Admins)
2018-07-12 15:20:49.249  INFO 13920 --- [main] s.w.s.m.m.a.RequestMappingHandlerMapping : Mapped "{[/api/testError]}" onto public org.springframework.http.ResponseEntity<?> com.newer.hospital.controller.GlobalController.testError() throws com.newer.hospital.exception.HospitalException
2018-07-12 15:20:49.250  INFO 13920 --- [main] s.w.s.m.m.a.RequestMappingHandlerMapping : Mapped "{[/api/booksdepart],methods=[GET]}" onto public org.springframework.http.ResponseEntity<?> com.newer.hospital.controller.RegistrationController.booksdepart()
2018-07-12 15:20:49.250  INFO 13920 --- [main] s.w.s.m.m.a.RequestMappingHandlerMapping : Mapped "{[/api/drawDept]}" onto public org.springframework.http.ResponseEntity<?> com.newer.hospital.controller.RegistrationController.drawDept()
2018-07-12 15:20:49.252  INFO 13920 --- [main] s.w.s.m.m.a.RequestMappingHandlerMapping : Mapped "{[/api/auth],methods=[POST]}" onto public org.springframework.http.ResponseEntity<?> com.newer.hospital.security.controller.AuthenticationRestController.createAuthenticationToken(com.newer.hospital.security.domain.JwtAuthenticationRequest) throws com.newer.hospital.security.domain.AuthenticationException
2018-07-12 15:20:49.253  INFO 13920 --- [main] s.w.s.m.m.a.RequestMappingHandlerMapping : Mapped "{[/api/refresh],methods=[GET]}" onto public org.springframework.http.ResponseEntity<?> com.newer.hospital.security.controller.AuthenticationRestController.refreshAndGetAuthenticationToken(javax.servlet.http.HttpServletRequest)
2018-07-12 15:20:49.258  INFO 13920 --- [main] s.w.s.m.m.a.RequestMappingHandlerMapping : Mapped "{[/api/protectedadmin],methods=[GET]}" onto public org.springframework.http.ResponseEntity<?> com.newer.hospital.security.controller.MethodProtectedRestController.getProtectedAdmin()
2018-07-12 15:20:49.258  INFO 13920 --- [main] s.w.s.m.m.a.RequestMappingHandlerMapping : Mapped "{[/api/protecteduser],methods=[GET]}" onto public org.springframework.http.ResponseEntity<?> com.newer.hospital.security.controller.MethodProtectedRestController.getProtectedUser()
2018-07-12 15:20:49.262  INFO 13920 --- [main] s.w.s.m.m.a.RequestMappingHandlerMapping : Mapped "{[/api/user],methods=[GET]}" onto public com.newer.hospital.security.domain.JwtUser com.newer.hospital.security.controller.UserRestController.getAuthenticatedUser(javax.servlet.http.HttpServletRequest)
2018-07-12 15:20:49.272  INFO 13920 --- [main] s.w.s.m.m.a.RequestMappingHandlerMapping : Mapped "{[/error]}" onto public org.springframework.http.ResponseEntity<java.util.Map<java.lang.String, java.lang.Object>> org.springframework.boot.autoconfigure.web.servlet.error.BasicErrorController.error(javax.servlet.http.HttpServletRequest)
2018-07-12 15:20:49.274  INFO 13920 --- [main] s.w.s.m.m.a.RequestMappingHandlerMapping : Mapped "{[/error],produces=[text/html]}" onto public org.springframework.web.servlet.ModelAndView org.springframework.boot.autoconfigure.web.servlet.error.BasicErrorController.errorHtml(javax.servlet.http.HttpServletRequest,javax.servlet.http.HttpServletResponse)
2018-07-12 15:20:49.327  INFO 13920 --- [main] o.s.w.s.handler.SimpleUrlHandlerMapping  : Mapped URL path [/webjars/**] onto handler of type [class org.springframework.web.servlet.resource.ResourceHttpRequestHandler]
2018-07-12 15:20:49.328  INFO 13920 --- [main] o.s.w.s.handler.SimpleUrlHandlerMapping  : Mapped URL path [/**] onto handler of type [class org.springframework.web.servlet.resource.ResourceHttpRequestHandler]
2018-07-12 15:20:49.359  INFO 13920 --- [main] .m.m.a.ExceptionHandlerExceptionResolver : Detected @ExceptionHandler methods in exceptionController
2018-07-12 15:20:50.489  INFO 13920 --- [main] com.newer.hospital.CacheTest             : Started CacheTest in 7.117 seconds (JVM running for 8.761)
2018-07-12 15:20:50.743  INFO 13920 --- [main] io.lettuce.core.EpollProvider            : Starting without optional epoll library
2018-07-12 15:20:50.744  INFO 13920 --- [main] io.lettuce.core.KqueueProvider           : Starting without optional kqueue library
2018-07-12 15:20:51.255 DEBUG 13920 --- [main] com.newer.hospital.util.RedisCache       : 获取缓存对象成功！
2018-07-12 15:20:51.257 DEBUG 13920 --- [main] com.newer.hospital.mapper.AdminsMapper   : Cache Hit Ratio [com.newer.hospital.mapper.AdminsMapper]: 0.0
2018-07-12 15:20:51.273  INFO 13920 --- [main] com.zaxxer.hikari.HikariDataSource       : HikariPool-1 - Starting...
2018-07-12 15:20:51.535  INFO 13920 --- [main] com.zaxxer.hikari.HikariDataSource       : HikariPool-1 - Start completed.
2018-07-12 15:20:51.542 DEBUG 13920 --- [main] c.n.h.mapper.AdminsMapper.findByState    : ==>  Preparing: select aid,aname,aexist,by1 from admins where state=? 
2018-07-12 15:20:51.575 DEBUG 13920 --- [main] c.n.h.mapper.AdminsMapper.findByState    : ==> Parameters: 1(Integer)
2018-07-12 15:20:51.596 DEBUG 13920 --- [main] c.n.h.mapper.AdminsMapper.findByState    : <==      Total: 3
2018-07-12 15:20:51.606 DEBUG 13920 --- [main] com.newer.hospital.util.RedisCache       : 缓存对象保存成功!
2018-07-12 15:20:51.613 DEBUG 13920 --- [main] com.newer.hospital.util.RedisCache       : 获取缓存对象成功！
2018-07-12 15:20:51.613 DEBUG 13920 --- [main] com.newer.hospital.mapper.AdminsMapper   : Cache Hit Ratio [com.newer.hospital.mapper.AdminsMapper]: 0.5
2018-07-12 15:20:51.618  INFO 13920 --- [Thread-2] o.s.w.c.s.GenericWebApplicationContext   : Closing org.springframework.web.context.support.GenericWebApplicationContext@7582ff54: startup date [Thu Jul 12 15:20:44 CST 2018]; root of context hierarchy
2018-07-12 15:20:52.740  INFO 13920 --- [Thread-2] com.zaxxer.hikari.HikariDataSource       : HikariPool-1 - Shutdown initiated...
2018-07-12 15:20:52.748  INFO 13920 --- [Thread-2] com.zaxxer.hikari.HikariDataSource       : HikariPool-1 - Shutdown completed.
